<?xml version="1.0" encoding="UTF-8"?>
<testsuite name="CarListTest" tests="7" skipped="0" failures="0" errors="0" timestamp="2022-10-08T19:29:04" hostname="computer" time="0.042">
  <properties/>
  <testcase name="whenAdded100ElementsThenSizeMustBe100()" classname="CarListTest" time="0.024"/>
  <testcase name="methodGetReturnedRightValue()" classname="CarListTest" time="0.002"/>
  <testcase name="whenElementRemovedByIndexThenSizeMustBeDecreased()" classname="CarListTest" time="0.002"/>
  <testcase name="whenListClearedThenSizeMustBeZero()" classname="CarListTest" time="0.002"/>
  <testcase name="addCarToMiddleCollection()" classname="CarListTest" time="0.002"/>
  <testcase name="whenElementRemovedThenSizeMustBeDecreased()" classname="CarListTest" time="0.002"/>
  <testcase name="whenNonExistentElementRemovedReturnFalse()" classname="CarListTest" time="0.002"/>
  <system-out><![CDATA[]]></system-out>
  <system-err><![CDATA[]]></system-err>
</testsuite>
